bash4-4.3$ for x in `cat /private/tmp/pymelist.txt` ; do
> 2to3 -f all -f buffer -f idioms -f set_literal -f ws_comma -w $x
> done ;
RefactoringTool: No changes to examples/delkey.py
RefactoringTool: Files that need to be modified:
RefactoringTool: examples/delkey.py
RefactoringTool: No changes to pyme/__init__.py
RefactoringTool: Files that need to be modified:
RefactoringTool: pyme/__init__.py
RefactoringTool: No changes to pyme/constants/__init__.py
RefactoringTool: Files that need to be modified:
RefactoringTool: pyme/constants/__init__.py
RefactoringTool: No changes to pyme/constants/data/encoding.py
RefactoringTool: Files that need to be modified:
RefactoringTool: pyme/constants/data/encoding.py
RefactoringTool: No changes to pyme/constants/event.py
RefactoringTool: Files that need to be modified:
RefactoringTool: pyme/constants/event.py
RefactoringTool: No changes to pyme/constants/import.py
RefactoringTool: Files that need to be modified:
RefactoringTool: pyme/constants/import.py
RefactoringTool: No changes to pyme/constants/keylist/mode.py
RefactoringTool: Files that need to be modified:
RefactoringTool: pyme/constants/keylist/mode.py
RefactoringTool: No changes to pyme/constants/md.py
RefactoringTool: Files that need to be modified:
RefactoringTool: pyme/constants/md.py
RefactoringTool: No changes to pyme/constants/pk.py
RefactoringTool: Files that need to be modified:
RefactoringTool: pyme/constants/pk.py
RefactoringTool: No changes to pyme/constants/protocol.py
RefactoringTool: Files that need to be modified:
RefactoringTool: pyme/constants/protocol.py
RefactoringTool: No changes to pyme/constants/sig/mode.py
RefactoringTool: Files that need to be modified:
RefactoringTool: pyme/constants/sig/mode.py
RefactoringTool: No changes to pyme/constants/sigsum.py
RefactoringTool: Files that need to be modified:
RefactoringTool: pyme/constants/sigsum.py
RefactoringTool: No changes to pyme/constants/status.py
RefactoringTool: Files that need to be modified:
RefactoringTool: pyme/constants/status.py
RefactoringTool: No changes to pyme/constants/validity.py
RefactoringTool: Files that need to be modified:
RefactoringTool: pyme/constants/validity.py
RefactoringTool: Refactored pyme/errors.py
--- pyme/errors.py	(original)
+++ pyme/errors.py	(refactored)
@@ -37,7 +37,7 @@
         return pygpgme.gpgme_err_source(self.error)
     
     def __str__(self):
-        return "%s (%d,%d)"%(self.getstring(),self.getsource(),self.getcode())
+        return "%s (%d,%d)"%(self.getstring(), self.getsource(), self.getcode())
 
 EOF = getattr(pygpgme, "EOF")
 
RefactoringTool: Files that were modified:
RefactoringTool: pyme/errors.py
bash4-4.3$
